[debug] [2023-03-27T00:28:04.908Z] ----------------------------------------------------------------------
[debug] [2023-03-27T00:28:04.919Z] Command:       /usr/local/Cellar/node/19.4.0_1/bin/node /usr/local/bin/firebase init
[debug] [2023-03-27T00:28:04.920Z] CLI Version:   11.25.1
[debug] [2023-03-27T00:28:04.921Z] Platform:      darwin
[debug] [2023-03-27T00:28:04.921Z] Node Version:  v19.4.0
[debug] [2023-03-27T00:28:04.921Z] Time:          Sun Mar 26 2023 20:28:04 GMT-0400 (Eastern Daylight Time)
[debug] [2023-03-27T00:28:04.922Z] ----------------------------------------------------------------------
[debug] 
[debug] [2023-03-27T00:28:04.935Z] > command requires scopes: ["email","openid","https://www.googleapis.com/auth/cloudplatformprojects.readonly","https://www.googleapis.com/auth/firebase","https://www.googleapis.com/auth/cloud-platform"]
[debug] [2023-03-27T00:28:04.935Z] > authorizing via signed-in user (daniel@compufar.com)
[info] 
     ######## #### ########  ######## ########     ###     ######  ########
     ##        ##  ##     ## ##       ##     ##  ##   ##  ##       ##
     ######    ##  ########  ######   ########  #########  ######  ######
     ##        ##  ##    ##  ##       ##     ## ##     ##       ## ##
     ##       #### ##     ## ######## ########  ##     ##  ######  ########

You're about to initialize a Firebase project in this directory:

  /Users/Daniel/Documents/GitHub/Rafflution

[info] 
=== Project Setup
[info] 
[info] First, let's associate this project directory with a Firebase project.
[info] You can create multiple project aliases by running firebase use --add, 
[info] but for now we'll just set up a default project.
[info] 
[debug] [2023-03-27T00:28:28.154Z] >>> [apiv2][query] GET https://firebase.googleapis.com/v1beta1/projects pageSize=100
[debug] [2023-03-27T00:28:28.836Z] <<< [apiv2][status] GET https://firebase.googleapis.com/v1beta1/projects 200
[debug] [2023-03-27T00:28:28.837Z] <<< [apiv2][body] GET https://firebase.googleapis.com/v1beta1/projects [omitted]
[info] i  Using project rafflution-40cc3 (Rafflution) 
[info] 
=== Database Setup
[info] i  database: ensuring required API firebasedatabase.googleapis.com is enabled... 
[debug] [2023-03-27T00:28:30.331Z] >>> [apiv2][query] GET https://serviceusage.googleapis.com/v1/projects/rafflution-40cc3/services/firebasedatabase.googleapis.com [none]
[debug] [2023-03-27T00:28:30.331Z] >>> [apiv2][(partial)header] GET https://serviceusage.googleapis.com/v1/projects/rafflution-40cc3/services/firebasedatabase.googleapis.com x-goog-quota-user=projects/rafflution-40cc3
[debug] [2023-03-27T00:28:31.007Z] <<< [apiv2][status] GET https://serviceusage.googleapis.com/v1/projects/rafflution-40cc3/services/firebasedatabase.googleapis.com 200
[debug] [2023-03-27T00:28:31.008Z] <<< [apiv2][body] GET https://serviceusage.googleapis.com/v1/projects/rafflution-40cc3/services/firebasedatabase.googleapis.com [omitted]
[info] ✔  database: required API firebasedatabase.googleapis.com is enabled 
[info] 
[debug] [2023-03-27T00:28:31.011Z] >>> [apiv2][query] GET https://firebasedatabase.googleapis.com/v1beta/projects/rafflution-40cc3/locations/-/instances/rafflution-40cc3-default-rtdb [none]
[debug] [2023-03-27T00:28:31.494Z] <<< [apiv2][status] GET https://firebasedatabase.googleapis.com/v1beta/projects/rafflution-40cc3/locations/-/instances/rafflution-40cc3-default-rtdb 200
[debug] [2023-03-27T00:28:31.494Z] <<< [apiv2][body] GET https://firebasedatabase.googleapis.com/v1beta/projects/rafflution-40cc3/locations/-/instances/rafflution-40cc3-default-rtdb {"name":"projects/530130150617/locations/us-central1/instances/rafflution-40cc3-default-rtdb","project":"projects/530130150617","databaseUrl":"https://rafflution-40cc3-default-rtdb.firebaseio.com","type":"DEFAULT_DATABASE","state":"ACTIVE"}
[info] 
[info] Firebase Realtime Database Security Rules allow you to define how your data should be
[info] structured and when your data can be read from and written to.
[info] 
[debug] [2023-03-27T00:28:42.929Z] >>> [apiv2][query] GET https://rafflution-40cc3-default-rtdb.firebaseio.com/.settings/rules.json [none]
[debug] [2023-03-27T00:28:43.316Z] <<< [apiv2][status] GET https://rafflution-40cc3-default-rtdb.firebaseio.com/.settings/rules.json 200
[debug] [2023-03-27T00:28:43.316Z] <<< [apiv2][body] GET https://rafflution-40cc3-default-rtdb.firebaseio.com/.settings/rules.json [stream]
[info] ✔  Database Rules for rafflution-40cc3-default-rtdb have been written to database.rules.json. 
[info] Future modifications to database.rules.json will update Realtime Database Security Rules when you run
[info] firebase deploy.
[info] 
=== Firestore Setup
[debug] [2023-03-27T00:28:43.320Z] >>> [apiv2][query] GET https://serviceusage.googleapis.com/v1/projects/rafflution-40cc3/services/firestore.googleapis.com [none]
[debug] [2023-03-27T00:28:43.320Z] >>> [apiv2][(partial)header] GET https://serviceusage.googleapis.com/v1/projects/rafflution-40cc3/services/firestore.googleapis.com x-goog-quota-user=projects/rafflution-40cc3
[debug] [2023-03-27T00:28:44.003Z] <<< [apiv2][status] GET https://serviceusage.googleapis.com/v1/projects/rafflution-40cc3/services/firestore.googleapis.com 200
[debug] [2023-03-27T00:28:44.003Z] <<< [apiv2][body] GET https://serviceusage.googleapis.com/v1/projects/rafflution-40cc3/services/firestore.googleapis.com [omitted]
[debug] [2023-03-27T00:28:44.003Z] >>> [apiv2][query] GET https://firestore.googleapis.com/v1/projects/rafflution-40cc3/databases/(default) [none]
[debug] [2023-03-27T00:28:44.537Z] <<< [apiv2][status] GET https://firestore.googleapis.com/v1/projects/rafflution-40cc3/databases/(default) 200
[debug] [2023-03-27T00:28:44.537Z] <<< [apiv2][body] GET https://firestore.googleapis.com/v1/projects/rafflution-40cc3/databases/(default) {"name":"projects/rafflution-40cc3/databases/(default)","uid":"8de7b263-78b0-4449-9d41-4592fb4b1789","createTime":"2023-03-27T00:19:54.797267Z","updateTime":"2023-03-27T00:19:54.797267Z","locationId":"nam5","type":"FIRESTORE_NATIVE","concurrencyMode":"PESSIMISTIC","appEngineIntegrationMode":"DISABLED","keyPrefix":"s","deleteProtectionState":"DELETE_PROTECTION_DISABLED","etag":"IMOr6Zrt+v0CMLTjldfr+v0C"}
[debug] [2023-03-27T00:28:44.538Z] database_type: FIRESTORE_NATIVE
[debug] [2023-03-27T00:28:44.538Z] > command requires scopes: ["email","openid","https://www.googleapis.com/auth/cloudplatformprojects.readonly","https://www.googleapis.com/auth/firebase","https://www.googleapis.com/auth/cloud-platform"]
[debug] [2023-03-27T00:28:44.539Z] > authorizing via signed-in user (daniel@compufar.com)
[debug] [2023-03-27T00:28:44.539Z] [iam] checking project rafflution-40cc3 for permissions ["firebase.projects.get"]
[debug] [2023-03-27T00:28:44.540Z] >>> [apiv2][query] POST https://cloudresourcemanager.googleapis.com/v1/projects/rafflution-40cc3:testIamPermissions [none]
[debug] [2023-03-27T00:28:44.540Z] >>> [apiv2][(partial)header] POST https://cloudresourcemanager.googleapis.com/v1/projects/rafflution-40cc3:testIamPermissions x-goog-quota-user=projects/rafflution-40cc3
[debug] [2023-03-27T00:28:44.540Z] >>> [apiv2][body] POST https://cloudresourcemanager.googleapis.com/v1/projects/rafflution-40cc3:testIamPermissions {"permissions":["firebase.projects.get"]}
[debug] [2023-03-27T00:28:44.948Z] <<< [apiv2][status] POST https://cloudresourcemanager.googleapis.com/v1/projects/rafflution-40cc3:testIamPermissions 200
[debug] [2023-03-27T00:28:44.949Z] <<< [apiv2][body] POST https://cloudresourcemanager.googleapis.com/v1/projects/rafflution-40cc3:testIamPermissions {"permissions":["firebase.projects.get"]}
[info] 
[info] Firestore Security Rules allow you to define how and when to allow
[info] requests. You can keep these rules in your project directory
[info] and publish them with firebase deploy.
[info] 
[debug] [2023-03-27T00:28:47.911Z] >>> [apiv2][query] GET https://firebaserules.googleapis.com/v1/projects/rafflution-40cc3/releases pageSize=10&pageToken=
[debug] [2023-03-27T00:28:48.299Z] <<< [apiv2][status] GET https://firebaserules.googleapis.com/v1/projects/rafflution-40cc3/releases 200
[debug] [2023-03-27T00:28:48.299Z] <<< [apiv2][body] GET https://firebaserules.googleapis.com/v1/projects/rafflution-40cc3/releases {"releases":[{"name":"projects/rafflution-40cc3/releases/cloud.firestore","rulesetName":"projects/rafflution-40cc3/rulesets/5abbd6ec-3c86-4173-98c2-e8e6cec911ba","createTime":"2023-03-27T00:19:57.412956Z","updateTime":"2023-03-27T00:19:57.412956Z"}]}
[debug] [2023-03-27T00:28:48.300Z] Found ruleset: projects/rafflution-40cc3/rulesets/5abbd6ec-3c86-4173-98c2-e8e6cec911ba
[debug] [2023-03-27T00:28:48.300Z] >>> [apiv2][query] GET https://firebaserules.googleapis.com/v1/projects/rafflution-40cc3/rulesets/5abbd6ec-3c86-4173-98c2-e8e6cec911ba [none]
[debug] [2023-03-27T00:28:48.535Z] <<< [apiv2][status] GET https://firebaserules.googleapis.com/v1/projects/rafflution-40cc3/rulesets/5abbd6ec-3c86-4173-98c2-e8e6cec911ba 200
[debug] [2023-03-27T00:28:48.535Z] <<< [apiv2][body] GET https://firebaserules.googleapis.com/v1/projects/rafflution-40cc3/rulesets/5abbd6ec-3c86-4173-98c2-e8e6cec911ba [omitted]
[info] 
[info] Firestore indexes allow you to perform complex queries while
[info] maintaining performance that scales with the size of the result
[info] set. You can keep index definitions in your project directory
[info] and publish them with firebase deploy.
[info] 
[debug] [2023-03-27T00:28:50.741Z] >>> [apiv2][query] GET https://firestore.googleapis.com/v1/projects/rafflution-40cc3/databases/(default)/collectionGroups/-/indexes [none]
[debug] [2023-03-27T00:28:50.743Z] >>> [apiv2][query] GET https://firestore.googleapis.com/v1/projects/rafflution-40cc3/databases/(default)/collectionGroups/-/fields?filter=indexConfig.usesAncestorConfig=false OR ttlConfig:* [none]
[debug] [2023-03-27T00:28:51.202Z] <<< [apiv2][status] GET https://firestore.googleapis.com/v1/projects/rafflution-40cc3/databases/(default)/collectionGroups/-/indexes 200
[debug] [2023-03-27T00:28:51.202Z] <<< [apiv2][body] GET https://firestore.googleapis.com/v1/projects/rafflution-40cc3/databases/(default)/collectionGroups/-/indexes {}
[debug] [2023-03-27T00:28:51.211Z] <<< [apiv2][status] GET https://firestore.googleapis.com/v1/projects/rafflution-40cc3/databases/(default)/collectionGroups/-/fields?filter=indexConfig.usesAncestorConfig=false OR ttlConfig:* 200
[debug] [2023-03-27T00:28:51.211Z] <<< [apiv2][body] GET https://firestore.googleapis.com/v1/projects/rafflution-40cc3/databases/(default)/collectionGroups/-/fields?filter=indexConfig.usesAncestorConfig=false OR ttlConfig:* {"fields":[{"name":"projects/rafflution-40cc3/databases/(default)/collectionGroups/__default__/fields/*","indexConfig":{"indexes":[{"queryScope":"COLLECTION","fields":[{"fieldPath":"*","order":"ASCENDING"}],"state":"READY"},{"queryScope":"COLLECTION","fields":[{"fieldPath":"*","order":"DESCENDING"}],"state":"READY"},{"queryScope":"COLLECTION","fields":[{"fieldPath":"*","arrayConfig":"CONTAINS"}],"state":"READY"}]}}]}
[info] 
=== Hosting Setup
[info] 
[info] Your public directory is the folder (relative to your project directory) that
[info] will contain Hosting assets to be uploaded with firebase deploy. If you
[info] have a build process for your assets, use your build's output directory.
[info] 
[info] ✔  Wrote public/404.html 
[debug] [2023-03-27T00:29:26.267Z] >>> [apiv2][query] GET https://www.gstatic.com/firebasejs/releases.json [none]
[debug] [2023-03-27T00:29:26.560Z] <<< [apiv2][status] GET https://www.gstatic.com/firebasejs/releases.json 200
[debug] [2023-03-27T00:29:26.560Z] <<< [apiv2][body] GET https://www.gstatic.com/firebasejs/releases.json {"current":{"version":"9.18.0","browserURL":"https://www.gstatic.com/firebasejs/9.18.0/firebase.js","packageURL":"https://www.gstatic.com/firebasejs/9.18.0/firebase.tgz"},"live":{"version":"9.18","browserURL":"https://www.gstatic.com/firebasejs/live/9.18/firebase.js","packageURL":"https://www.gstatic.com/firebasejs/live/9.18/firebase.tgz"},"components":{"analytics":"https://www.gstatic.com/firebasejs/9.18.0/firebase-analytics.js","app":"https://www.gstatic.com/firebasejs/9.18.0/firebase-app.js","app-check":"https://www.gstatic.com/firebasejs/9.18.0/firebase-app-check.js","auth":"https://www.gstatic.com/firebasejs/9.18.0/firebase-auth.js","auth/cordova":"https://www.gstatic.com/firebasejs/9.18.0/firebase-auth/cordova.js","auth/react-native":"https://www.gstatic.com/firebasejs/9.18.0/firebase-auth/react-native.js","functions":"https://www.gstatic.com/firebasejs/9.18.0/firebase-functions.js","firestore":"https://www.gstatic.com/firebasejs/9.18.0/firebase-firestore.js","firestore/lite":"https://www.gstatic.com/firebasejs/9.18.0/firebase-firestore/lite.js","installations":"https://www.gstatic.com/firebasejs/9.18.0/firebase-installations.js","storage":"https://www.gstatic.com/firebasejs/9.18.0/firebase-storage.js","performance":"https://www.gstatic.com/firebasejs/9.18.0/firebase-performance.js","remote-config":"https://www.gstatic.com/firebasejs/9.18.0/firebase-remote-config.js","messaging":"https://www.gstatic.com/firebasejs/9.18.0/firebase-messaging.js","messaging/sw":"https://www.gstatic.com/firebasejs/9.18.0/firebase-messaging/sw.js","database":"https://www.gstatic.com/firebasejs/9.18.0/firebase-database.js","firestore.memory":"https://www.gstatic.com/firebasejs/9.18.0/firebase-firestore.memory.js"}}
[info] ✔  Wrote public/index.html 
[info] 
[info] i  Detected a .git folder at /Users/Daniel/Documents/GitHub 
[info] i  Authorizing with GitHub to upload your service account to a GitHub repository's secrets store. 
[info] 
[info] Visit this URL on this device to log in:
[info] https://github.com/login/oauth/authorize?client_id=89cf50f02ac6aaed3484&state=878971426&redirect_uri=http%3A%2F%2Flocalhost%3A9005&scope=read%3Auser%20repo%20public_repo
[info] 
[info] Waiting for authentication...
[debug] [2023-03-27T00:29:43.747Z] >>> [apiv2][query] POST https://github.com/login/oauth/access_token [none]
[debug] [2023-03-27T00:29:43.747Z] >>> [apiv2][body] POST https://github.com/login/oauth/access_token [stream]
[debug] [2023-03-27T00:29:44.110Z] <<< [apiv2][status] POST https://github.com/login/oauth/access_token 200
[debug] [2023-03-27T00:29:44.110Z] <<< [apiv2][body] POST https://github.com/login/oauth/access_token {"access_token":"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","token_type":"bearer","scope":"read:user,repo"}
[debug] [2023-03-27T00:29:44.117Z] >>> [apiv2][query] GET https://api.github.com/user [none]
[debug] [2023-03-27T00:29:44.513Z] <<< [apiv2][status] GET https://api.github.com/user 200
[debug] [2023-03-27T00:29:44.513Z] <<< [apiv2][body] GET https://api.github.com/user {"login":"daniel-farkas-dev","id":54506760,"node_id":"MDQ6VXNlcjU0NTA2NzYw","avatar_url":"https://avatars.githubusercontent.com/u/54506760?v=4","gravatar_id":"","url":"https://api.github.com/users/daniel-farkas-dev","html_url":"https://github.com/daniel-farkas-dev","followers_url":"https://api.github.com/users/daniel-farkas-dev/followers","following_url":"https://api.github.com/users/daniel-farkas-dev/following{/other_user}","gists_url":"https://api.github.com/users/daniel-farkas-dev/gists{/gist_id}","starred_url":"https://api.github.com/users/daniel-farkas-dev/starred{/owner}{/repo}","subscriptions_url":"https://api.github.com/users/daniel-farkas-dev/subscriptions","organizations_url":"https://api.github.com/users/daniel-farkas-dev/orgs","repos_url":"https://api.github.com/users/daniel-farkas-dev/repos","events_url":"https://api.github.com/users/daniel-farkas-dev/events{/privacy}","received_events_url":"https://api.github.com/users/daniel-farkas-dev/received_events","type":"User","site_admin":false,"name":"Daniel Farkas","company":null,"blog":"","location":null,"email":null,"hireable":null,"bio":null,"twitter_username":null,"public_repos":2,"public_gists":0,"followers":0,"following":0,"created_at":"2019-08-25T16:04:17Z","updated_at":"2023-03-27T00:29:33Z","private_gists":0,"total_private_repos":4,"owned_private_repos":4,"disk_usage":39638,"collaborators":0,"two_factor_authentication":false,"plan":{"name":"pro","space":976562499,"collaborators":0,"private_repos":9999}}
[info] 
[info] ✔  Success! Logged into GitHub as daniel-farkas-dev 
[info] 
